#
# There is insufficient memory for the Java Runtime Environment to continue.
# Native memory allocation (mmap) failed to map 95420416 bytes for committing reserved memory.
# Possible reasons:
#   The system is out of physical RAM or swap space
#   The process is running with CompressedOops enabled, and the Java Heap may be blocking the growth of the native heap
# Possible solutions:
#   Reduce memory load on the system
#   Increase physical memory or swap space
#   Check if swap backing store is full
#   Decrease Java heap size (-Xmx/-Xms)
#   Decrease number of Java threads
#   Decrease Java thread stack sizes (-Xss)
#   Set larger code cache with -XX:ReservedCodeCacheSize=
#   JVM is running with Unscaled Compressed Oops mode in which the Java heap is
#     placed in the first 4GB address space. The Java Heap base address is the
#     maximum limit for the native heap growth. Please use -XX:HeapBaseMinAddress
#     to set the Java Heap base and to place the Java Heap above 4GB virtual address.
# This output file may be truncated or incomplete.
#
#  Out of Memory Error (os_linux.cpp:2720), pid=18891, tid=18901
#
# JRE version: Java(TM) SE Runtime Environment (11.0.5+10) (build 11.0.5+10-LTS)
# Java VM: Java HotSpot(TM) 64-Bit Server VM (11.0.5+10-LTS, mixed mode, tiered, compressed oops, g1 gc, linux-amd64)
# Core dump will be written. Default location: Core dumps may be processed with "/usr/share/apport/apport %p %s %c %d %P %E" (or dumping to /home/andrei/eclipse-workspace/mde_optimiser/libraries/rulegen/core.18891)
#

---------------  S U M M A R Y ------------

Command Line: /home/andrei/eclipse-workspace/mde_optimiser/libraries/rulegen/target/surefire/surefirebooter10965398883226786421.jar /home/andrei/eclipse-workspace/mde_optimiser/libraries/rulegen/target/surefire/surefire17763840827802420514tmp /home/andrei/eclipse-workspace/mde_optimiser/libraries/rulegen/target/surefire/surefire_015222435373304174046tmp

Host: Intel(R) Core(TM) i5-2520M CPU @ 2.50GHz, 4 cores, 3G, Ubuntu 16.04.6 LTS
Time: Wed Apr 22 05:55:30 2020 BST elapsed time: 17 seconds (0d 0h 0m 17s)

---------------  T H R E A D  ---------------

Current thread (0x00007fbfc015f000):  VMThread "VM Thread" [stack: 0x00007fbfa8308000,0x00007fbfa8408000] [id=18901]

Stack: [0x00007fbfa8308000,0x00007fbfa8408000],  sp=0x00007fbfa8405f80,  free space=1015k
Native frames: (J=compiled Java code, A=aot compiled Java code, j=interpreted, Vv=VM code, C=native code)
V  [libjvm.so+0xe2b927]  VMError::report_and_die(int, char const*, char const*, __va_list_tag*, Thread*, unsigned char*, void*, void*, char const*, int, unsigned long)+0x317
V  [libjvm.so+0xe2c58b]  VMError::report_and_die(Thread*, char const*, int, unsigned long, VMErrorType, char const*, __va_list_tag*)+0x2b
V  [libjvm.so+0x69aab5]  report_vm_out_of_memory(char const*, int, unsigned long, VMErrorType, char const*, ...)+0xd5
V  [libjvm.so+0xc05168]  os::pd_commit_memory_or_exit(char*, unsigned long, unsigned long, bool, char const*)+0x108
V  [libjvm.so+0xbfc6cd]  os::commit_memory_or_exit(char*, unsigned long, unsigned long, bool, char const*)+0x1d
V  [libjvm.so+0x7b3dfc]  G1PageBasedVirtualSpace::commit_preferred_pages(unsigned long, unsigned long)+0x6c
V  [libjvm.so+0x7b409e]  G1PageBasedVirtualSpace::commit(unsigned long, unsigned long)+0x5e
V  [libjvm.so+0x7bfe70]  G1RegionsLargerThanCommitSizeMapper::commit_regions(unsigned int, unsigned long, WorkGang*)+0x40
V  [libjvm.so+0x83b8b9]  HeapRegionManager::commit_regions(unsigned int, unsigned long, WorkGang*)+0x89
V  [libjvm.so+0x83c50f]  HeapRegionManager::make_regions_available(unsigned int, unsigned int, WorkGang*)+0x3f
V  [libjvm.so+0x83c999]  HeapRegionManager::expand_at(unsigned int, unsigned int, WorkGang*) [clone .part.44]+0x119
V  [libjvm.so+0x77858f]  G1CollectedHeap::expand(unsigned long, WorkGang*, double*)+0xdf
V  [libjvm.so+0x77d35a]  G1CollectedHeap::do_collection_pause_at_safepoint(double)+0xa9a
V  [libjvm.so+0xe37541]  VM_G1CollectForAllocation::doit()+0x81
V  [libjvm.so+0xe360d7]  VM_Operation::evaluate()+0xe7
V  [libjvm.so+0xe338bf]  VMThread::evaluate_operation(VM_Operation*) [clone .constprop.54]+0xff
V  [libjvm.so+0xe33df6]  VMThread::loop()+0x3e6
V  [libjvm.so+0xe3423b]  VMThread::run()+0x7b
V  [libjvm.so+0xc0b020]  thread_native_entry(Thread*)+0xf0

VM_Operation (0x00007fbfc8de28d0): G1CollectForAllocation, mode: safepoint, requested by thread 0x00007fbfc0012000


---------------  P R O C E S S  ---------------

Threads class SMR info:
_java_thread_list=0x00007fbfc0df2560, length=12, elements={
0x00007fbfc0012000, 0x00007fbfc0167000, 0x00007fbfc016b800, 0x00007fbfc017e000,
0x00007fbfc0180000, 0x00007fbfc0182000, 0x00007fbfc0184000, 0x00007fbfc0204000,
0x00007fbfc0215800, 0x00007fbfc02ad000, 0x00007fbfc02af800, 0x00007fbfc0e02800
}

Java Threads: ( => current thread )
  0x00007fbfc0012000 JavaThread "main" [_thread_blocked, id=18895, stack(0x00007fbfc8ce9000,0x00007fbfc8dea000)]
  0x00007fbfc0167000 JavaThread "Reference Handler" daemon [_thread_blocked, id=18902, stack(0x00007fbfa8206000,0x00007fbfa8307000)]
  0x00007fbfc016b800 JavaThread "Finalizer" daemon [_thread_blocked, id=18903, stack(0x00007fbfa8105000,0x00007fbfa8206000)]
  0x00007fbfc017e000 JavaThread "Signal Dispatcher" daemon [_thread_blocked, id=18904, stack(0x00007fbfa8004000,0x00007fbfa8105000)]
  0x00007fbfc0180000 JavaThread "C2 CompilerThread0" daemon [_thread_blocked, id=18905, stack(0x00007fbfa010f000,0x00007fbfa0210000)]
  0x00007fbfc0182000 JavaThread "C1 CompilerThread0" daemon [_thread_blocked, id=18906, stack(0x00007fbfa000e000,0x00007fbfa010f000)]
  0x00007fbfc0184000 JavaThread "Sweeper thread" daemon [_thread_blocked, id=18907, stack(0x00007fbf839ea000,0x00007fbf83aeb000)]
  0x00007fbfc0204000 JavaThread "Service Thread" daemon [_thread_blocked, id=18908, stack(0x00007fbf838e9000,0x00007fbf839ea000)]
  0x00007fbfc0215800 JavaThread "Common-Cleaner" daemon [_thread_blocked, id=18910, stack(0x00007fbf836e7000,0x00007fbf837e8000)]
  0x00007fbfc02ad000 JavaThread "last-ditch-daemon-shutdown-thread-30sec" daemon [_thread_blocked, id=18911, stack(0x00007fbf831bd000,0x00007fbf832be000)]
  0x00007fbfc02af800 JavaThread "surefire-forkedjvm-command-thread" daemon [_thread_in_native, id=18912, stack(0x00007fbf830bc000,0x00007fbf831bd000)]
  0x00007fbfc0e02800 JavaThread "EMF Reference Cleaner" daemon [_thread_blocked, id=18914, stack(0x00007fbf824ba000,0x00007fbf825bb000)]

Other Threads:
=>0x00007fbfc015f000 VMThread "VM Thread" [stack: 0x00007fbfa8308000,0x00007fbfa8408000] [id=18901]
  0x00007fbfc020c800 WatcherThread [stack: 0x00007fbf837e9000,0x00007fbf838e9000] [id=18909]
  0x00007fbfc0039000 GCTaskThread "GC Thread#0" [stack: 0x00007fbfc52bc000,0x00007fbfc53bc000] [id=18896]
  0x00007fbf90011000 GCTaskThread "GC Thread#1" [stack: 0x00007fbf82fbc000,0x00007fbf830bc000] [id=18913]
  0x00007fbf90059800 GCTaskThread "GC Thread#2" [stack: 0x00007fbf817ba000,0x00007fbf818ba000] [id=18917]
  0x00007fbf90076800 GCTaskThread "GC Thread#3" [stack: 0x00007fbf816b9000,0x00007fbf817b9000] [id=18918]
  0x00007fbfc0053800 ConcurrentGCThread "G1 Main Marker" [stack: 0x00007fbfc481a000,0x00007fbfc491a000] [id=18897]
  0x00007fbfc0055800 ConcurrentGCThread "G1 Conc#0" [stack: 0x00007fbfc4719000,0x00007fbfc4819000] [id=18898]
  0x00007fbfc0097800 ConcurrentGCThread "G1 Refine#0" [stack: 0x00007fbfc4214000,0x00007fbfc4314000] [id=18899]
  0x00007fbfc0099000 ConcurrentGCThread "G1 Young RemSet Sampling" [stack: 0x00007fbfc4113000,0x00007fbfc4213000] [id=18900]

Threads with active compile tasks:
C2 CompilerThread06779       4       org.eclipse.emf.henshin.interpreter.impl.EGraphImpl::getDomain (40 bytes)

VM state:at safepoint (normal execution)

VM Mutex/Monitor currently owned by a thread:  ([mutex/lock_event])
[0x00007fbfc000ddc0] Threads_lock - owner thread: 0x00007fbfc015f000
[0x00007fbfc000e510] Heap_lock - owner thread: 0x00007fbfc0012000

Heap address: 0x00000000c4200000, size: 958 MB, Compressed Oops mode: 32-bit
Narrow klass base: 0x0000000000000000, Narrow klass shift: 3
Compressed class space size: 1073741824 Address: 0x0000000100000000

Heap:
 garbage-first heap   total 325632K, used 39734K [0x00000000c4200000, 0x0000000100000000)
  region size 1024K, 16 young (16384K), 16 survivors (16384K)
 Metaspace       used 33166K, capacity 34276K, committed 34428K, reserved 1079296K
  class space    used 3925K, capacity 4401K, committed 4476K, reserved 1048576K
Heap Regions: E=young(eden), S=young(survivor), O=old, HS=humongous(starts), HC=humongous(continues), CS=collection set, F=free, A=archive, TAMS=top-at-mark-start (previous, next)
|   0|0x00000000c4200000, 0x00000000c4300000, 0x00000000c4300000|100%| O|  |TAMS 0x00000000c4300000, 0x00000000c4200000| Untracked 
|   1|0x00000000c4300000, 0x00000000c4400000, 0x00000000c4400000|100%| O|  |TAMS 0x00000000c4400000, 0x00000000c4300000| Untracked 
|   2|0x00000000c4400000, 0x00000000c4500000, 0x00000000c4500000|100%| O|  |TAMS 0x00000000c4500000, 0x00000000c4400000| Untracked 
|   3|0x00000000c4500000, 0x00000000c4600000, 0x00000000c4600000|100%| O|  |TAMS 0x00000000c4600000, 0x00000000c4500000| Untracked 
|   4|0x00000000c4600000, 0x00000000c4700000, 0x00000000c4700000|100%| O|  |TAMS 0x00000000c4700000, 0x00000000c4600000| Untracked 
|   5|0x00000000c4700000, 0x00000000c4800000, 0x00000000c4800000|100%| O|  |TAMS 0x00000000c4800000, 0x00000000c4700000| Untracked 
|   6|0x00000000c4800000, 0x00000000c4900000, 0x00000000c4900000|100%| O|  |TAMS 0x00000000c4900000, 0x00000000c4800000| Untracked 
|   7|0x00000000c4900000, 0x00000000c4a00000, 0x00000000c4a00000|100%| O|  |TAMS 0x00000000c492de00, 0x00000000c4900000| Untracked 
|   8|0x00000000c4a00000, 0x00000000c4b00000, 0x00000000c4b00000|100%| O|  |TAMS 0x00000000c4a00000, 0x00000000c4a00000| Untracked 
|   9|0x00000000c4b00000, 0x00000000c4c00000, 0x00000000c4c00000|100%| O|  |TAMS 0x00000000c4b00000, 0x00000000c4b00000| Untracked 
|  10|0x00000000c4c00000, 0x00000000c4d00000, 0x00000000c4d00000|100%| O|  |TAMS 0x00000000c4c00000, 0x00000000c4c00000| Untracked 
|  11|0x00000000c4d00000, 0x00000000c4e00000, 0x00000000c4e00000|100%| O|  |TAMS 0x00000000c4d00000, 0x00000000c4d00000| Untracked 
|  12|0x00000000c4e00000, 0x00000000c4f00000, 0x00000000c4f00000|100%| O|  |TAMS 0x00000000c4e00000, 0x00000000c4e00000| Untracked 
|  13|0x00000000c4f00000, 0x00000000c5000000, 0x00000000c5000000|100%| O|  |TAMS 0x00000000c4f00000, 0x00000000c4f00000| Untracked 
|  14|0x00000000c5000000, 0x00000000c5100000, 0x00000000c5100000|100%| O|  |TAMS 0x00000000c5000000, 0x00000000c5000000| Untracked 
|  15|0x00000000c5100000, 0x00000000c5200000, 0x00000000c5200000|100%| O|  |TAMS 0x00000000c5100000, 0x00000000c5100000| Untracked 
|  16|0x00000000c5200000, 0x00000000c5300000, 0x00000000c5300000|100%| O|  |TAMS 0x00000000c5200000, 0x00000000c5200000| Untracked 
|  17|0x00000000c5300000, 0x00000000c5400000, 0x00000000c5400000|100%| O|  |TAMS 0x00000000c5300000, 0x00000000c5300000| Untracked 
|  18|0x00000000c5400000, 0x00000000c5500000, 0x00000000c5500000|100%| O|  |TAMS 0x00000000c5400000, 0x00000000c5400000| Untracked 
|  19|0x00000000c5500000, 0x00000000c5600000, 0x00000000c5600000|100%| O|  |TAMS 0x00000000c5500000, 0x00000000c5500000| Untracked 
|  20|0x00000000c5600000, 0x00000000c5700000, 0x00000000c5700000|100%| O|  |TAMS 0x00000000c5600000, 0x00000000c5600000| Untracked 
|  21|0x00000000c5700000, 0x00000000c5800000, 0x00000000c5800000|100%| O|  |TAMS 0x00000000c5700000, 0x00000000c5700000| Untracked 
|  22|0x00000000c5800000, 0x00000000c5900000, 0x00000000c5900000|100%| O|  |TAMS 0x00000000c5800000, 0x00000000c5800000| Untracked 
|  23|0x00000000c5900000, 0x00000000c594d800, 0x00000000c5a00000| 30%| O|  |TAMS 0x00000000c5900000, 0x00000000c5900000| Untracked 
|  24|0x00000000c5a00000, 0x00000000c5a00000, 0x00000000c5b00000|  0%| F|  |TAMS 0x00000000c5a00000, 0x00000000c5a00000| Untracked 
|  25|0x00000000c5b00000, 0x00000000c5b00000, 0x00000000c5c00000|  0%| F|  |TAMS 0x00000000c5b00000, 0x00000000c5b00000| Untracked 
|  26|0x00000000c5c00000, 0x00000000c5c00000, 0x00000000c5d00000|  0%| F|  |TAMS 0x00000000c5c00000, 0x00000000c5c00000| Untracked 
|  27|0x00000000c5d00000, 0x00000000c5d00000, 0x00000000c5e00000|  0%| F|  |TAMS 0x00000000c5d00000, 0x00000000c5d00000| Untracked 
|  28|0x00000000c5e00000, 0x00000000c5e00000, 0x00000000c5f00000|  0%| F|  |TAMS 0x00000000c5e00000, 0x00000000c5e00000| Untracked 
|  29|0x00000000c5f00000, 0x00000000c5f00000, 0x00000000c6000000|  0%| F|  |TAMS 0x00000000c5f00000, 0x00000000c5f00000| Untracked 
|  30|0x00000000c6000000, 0x00000000c6000000, 0x00000000c6100000|  0%| F|  |TAMS 0x00000000c6000000, 0x00000000c6000000| Untracked 
|  31|0x00000000c6100000, 0x00000000c6100000, 0x00000000c6200000|  0%| F|  |TAMS 0x00000000c6100000, 0x00000000c6100000| Untracked 
|  32|0x00000000c6200000, 0x00000000c6200000, 0x00000000c6300000|  0%| F|  |TAMS 0x00000000c6200000, 0x00000000c6200000| Untracked 
|  33|0x00000000c6300000, 0x00000000c6300000, 0x00000000c6400000|  0%| F|  |TAMS 0x00000000c6300000, 0x00000000c6300000| Untracked 
|  34|0x00000000c6400000, 0x00000000c6400000, 0x00000000c6500000|  0%| F|  |TAMS 0x00000000c6400000, 0x00000000c6400000| Untracked 
|  35|0x00000000c6500000, 0x00000000c6500000, 0x00000000c6600000|  0%| F|  |TAMS 0x00000000c6500000, 0x00000000c6500000| Untracked 
|  36|0x00000000c6600000, 0x00000000c6600000, 0x00000000c6700000|  0%| F|  |TAMS 0x00000000c6600000, 0x00000000c6600000| Untracked 
|  37|0x00000000c6700000, 0x00000000c6700000, 0x00000000c6800000|  0%| F|  |TAMS 0x00000000c6700000, 0x00000000c6700000| Untracked 
|  38|0x00000000c6800000, 0x00000000c6800000, 0x00000000c6900000|  0%| F|  |TAMS 0x00000000c6800000, 0x00000000c6800000| Untracked 
|  39|0x00000000c6900000, 0x00000000c6900000, 0x00000000c6a00000|  0%| F|  |TAMS 0x00000000c6900000, 0x00000000c6900000| Untracked 
|  40|0x00000000c6a00000, 0x00000000c6a00000, 0x00000000c6b00000|  0%| F|  |TAMS 0x00000000c6a00000, 0x00000000c6a00000| Untracked 
|  41|0x00000000c6b00000, 0x00000000c6b00000, 0x00000000c6c00000|  0%| F|  |TAMS 0x00000000c6b00000, 0x00000000c6b00000| Untracked 
|  42|0x00000000c6c00000, 0x00000000c6c00000, 0x00000000c6d00000|  0%| F|  |TAMS 0x00000000c6c00000, 0x00000000c6c00000| Untracked 
|  43|0x00000000c6d00000, 0x00000000c6d00000, 0x00000000c6e00000|  0%| F|  |TAMS 0x00000000c6d00000, 0x00000000c6d00000| Untracked 
|  44|0x00000000c6e00000, 0x00000000c6e00000, 0x00000000c6f00000|  0%| F|  |TAMS 0x00000000c6e00000, 0x00000000c6e00000| Untracked 
|  45|0x00000000c6f00000, 0x00000000c6f00000, 0x00000000c7000000|  0%| F|  |TAMS 0x00000000c6f00000, 0x00000000c6f00000| Untracked 
|  46|0x00000000c7000000, 0x00000000c7000000, 0x00000000c7100000|  0%| F|  |TAMS 0x00000000c7000000, 0x00000000c7000000| Untracked 
|  47|0x00000000c7100000, 0x00000000c7100000, 0x00000000c7200000|  0%| F|  |TAMS 0x00000000c7100000, 0x00000000c7100000| Untracked 
|  48|0x00000000c7200000, 0x00000000c7200000, 0x00000000c7300000|  0%| F|  |TAMS 0x00000000c7200000, 0x00000000c7200000| Untracked 
|  49|0x00000000c7300000, 0x00000000c7300000, 0x00000000c7400000|  0%| F|  |TAMS 0x00000000c7300000, 0x00000000c7300000| Untracked 
|  50|0x00000000c7400000, 0x00000000c7400000, 0x00000000c7500000|  0%| F|  |TAMS 0x00000000c7400000, 0x00000000c7400000| Untracked 
|  51|0x00000000c7500000, 0x00000000c7500000, 0x00000000c7600000|  0%| F|  |TAMS 0x00000000c7500000, 0x00000000c7500000| Untracked 
|  52|0x00000000c7600000, 0x00000000c7600000, 0x00000000c7700000|  0%| F|  |TAMS 0x00000000c7600000, 0x00000000c7600000| Untracked 
|  53|0x00000000c7700000, 0x00000000c7700000, 0x00000000c7800000|  0%| F|  |TAMS 0x00000000c7700000, 0x00000000c7700000| Untracked 
|  54|0x00000000c7800000, 0x00000000c7800000, 0x00000000c7900000|  0%| F|  |TAMS 0x00000000c7800000, 0x00000000c7800000| Untracked 
|  55|0x00000000c7900000, 0x00000000c7900000, 0x00000000c7a00000|  0%| F|  |TAMS 0x00000000c7900000, 0x00000000c7900000| Untracked 
|  56|0x00000000c7a00000, 0x00000000c7a00000, 0x00000000c7b00000|  0%| F|  |TAMS 0x00000000c7a00000, 0x00000000c7a00000| Untracked 
|  57|0x00000000c7b00000, 0x00000000c7b00000, 0x00000000c7c00000|  0%| F|  |TAMS 0x00000000c7b00000, 0x00000000c7b00000| Untracked 
|  58|0x00000000c7c00000, 0x00000000c7c00000, 0x00000000c7d00000|  0%| F|  |TAMS 0x00000000c7c00000, 0x00000000c7c00000| Untracked 
|  59|0x00000000c7d00000, 0x00000000c7d00000, 0x00000000c7e00000|  0%| F|  |TAMS 0x00000000c7d00000, 0x00000000c7d00000| Untracked 
|  60|0x00000000c7e00000, 0x00000000c7e00000, 0x00000000c7f00000|  0%| F|  |TAMS 0x00000000c7e00000, 0x00000000c7e00000| Untracked 
|  61|0x00000000c7f00000, 0x00000000c7f00000, 0x00000000c8000000|  0%| F|  |TAMS 0x00000000c7f00000, 0x00000000c7f00000| Untracked 
|  62|0x00000000c8000000, 0x00000000c8000000, 0x00000000c8100000|  0%| F|  |TAMS 0x00000000c8000000, 0x00000000c8000000| Untracked 
|  63|0x00000000c8100000, 0x00000000c8100000, 0x00000000c8200000|  0%| F|  |TAMS 0x00000000c8100000, 0x00000000c8100000| Untracked 
|  64|0x00000000c8200000, 0x00000000c8200000, 0x00000000c8300000|  0%| F|  |TAMS 0x00000000c8200000, 0x00000000c8200000| Untracked 
|  65|0x00000000c8300000, 0x00000000c8300000, 0x00000000c8400000|  0%| F|  |TAMS 0x00000000c8300000, 0x00000000c8300000| Untracked 
|  66|0x00000000c8400000, 0x00000000c8400000, 0x00000000c8500000|  0%| F|  |TAMS 0x00000000c8400000, 0x00000000c8400000| Untracked 
|  67|0x00000000c8500000, 0x00000000c8500000, 0x00000000c8600000|  0%| F|  |TAMS 0x00000000c8500000, 0x00000000c8500000| Untracked 
|  68|0x00000000c8600000, 0x00000000c8600000, 0x00000000c8700000|  0%| F|  |TAMS 0x00000000c8600000, 0x00000000c8600000| Untracked 
|  69|0x00000000c8700000, 0x00000000c8700000, 0x00000000c8800000|  0%| F|  |TAMS 0x00000000c8700000, 0x00000000c8700000| Untracked 
|  70|0x00000000c8800000, 0x00000000c8800000, 0x00000000c8900000|  0%| F|  |TAMS 0x00000000c8800000, 0x00000000c8800000| Untracked 
|  71|0x00000000c8900000, 0x00000000c8900000, 0x00000000c8a00000|  0%| F|  |TAMS 0x00000000c8900000, 0x00000000c8900000| Untracked 
|  72|0x00000000c8a00000, 0x00000000c8a00000, 0x00000000c8b00000|  0%| F|  |TAMS 0x00000000c8a00000, 0x00000000c8a00000| Untracked 
|  73|0x00000000c8b00000, 0x00000000c8b00000, 0x00000000c8c00000|  0%| F|  |TAMS 0x00000000c8b00000, 0x00000000c8b00000| Untracked 
|  74|0x00000000c8c00000, 0x00000000c8c00000, 0x00000000c8d00000|  0%| F|  |TAMS 0x00000000c8c00000, 0x00000000c8c00000| Untracked 
|  75|0x00000000c8d00000, 0x00000000c8d00000, 0x00000000c8e00000|  0%| F|  |TAMS 0x00000000c8d00000, 0x00000000c8d00000| Untracked 
|  76|0x00000000c8e00000, 0x00000000c8e80000, 0x00000000c8f00000| 50%| S|CS|TAMS 0x00000000c8e00000, 0x00000000c8e00000| Complete 
|  77|0x00000000c8f00000, 0x00000000c9000000, 0x00000000c9000000|100%| S|CS|TAMS 0x00000000c8f00000, 0x00000000c8f00000| Complete 
|  78|0x00000000c9000000, 0x00000000c9100000, 0x00000000c9100000|100%| S|CS|TAMS 0x00000000c9000000, 0x00000000c9000000| Complete 
|  79|0x00000000c9100000, 0x00000000c9200000, 0x00000000c9200000|100%| S|CS|TAMS 0x00000000c9100000, 0x00000000c9100000| Complete 
|  80|0x00000000c9200000, 0x00000000c9300000, 0x00000000c9300000|100%| S|CS|TAMS 0x00000000c9200000, 0x00000000c9200000| Complete 
|  81|0x00000000c9300000, 0x00000000c9400000, 0x00000000c9400000|100%| S|CS|TAMS 0x00000000c9300000, 0x00000000c9300000| Complete 
|  82|0x00000000c9400000, 0x00000000c9500000, 0x00000000c9500000|100%| S|CS|TAMS 0x00000000c9400000, 0x00000000c9400000| Complete 
|  83|0x00000000c9500000, 0x00000000c9600000, 0x00000000c9600000|100%| S|CS|TAMS 0x00000000c9500000, 0x00000000c9500000| Complete 
|  84|0x00000000c9600000, 0x00000000c9700000, 0x00000000c9700000|100%| S|CS|TAMS 0x00000000c9600000, 0x00000000c9600000| Complete 
|  85|0x00000000c9700000, 0x00000000c9700000, 0x00000000c9800000|  0%| F|  |TAMS 0x00000000c9700000, 0x00000000c9700000| Untracked 
|  86|0x00000000c9800000, 0x00000000c9800000, 0x00000000c9900000|  0%| F|  |TAMS 0x00000000c9800000, 0x00000000c9800000| Untracked 
|  87|0x00000000c9900000, 0x00000000c9900000, 0x00000000c9a00000|  0%| F|  |TAMS 0x00000000c9900000, 0x00000000c9900000| Untracked 
|  88|0x00000000c9a00000, 0x00000000c9a00000, 0x00000000c9b00000|  0%| F|  |TAMS 0x00000000c9a00000, 0x00000000c9a00000| Untracked 
|  89|0x00000000c9b00000, 0x00000000c9c00000, 0x00000000c9c00000|100%| S|CS|TAMS 0x00000000c9b00000, 0x00000000c9b00000| Complete 
|  90|0x00000000c9c00000, 0x00000000c9d00000, 0x00000000c9d00000|100%| S|CS|TAMS 0x00000000c9c00000, 0x00000000c9c00000| Complete 
|  91|0x00000000c9d00000, 0x00000000c9e00000, 0x00000000c9e00000|100%| S|CS|TAMS 0x00000000c9d00000, 0x00000000c9d00000| Complete 
|  92|0x00000000c9e00000, 0x00000000c9f00000, 0x00000000c9f00000|100%| S|CS|TAMS 0x00000000c9e00000, 0x00000000c9e00000| Complete 
|  93|0x00000000c9f00000, 0x00000000c9f00000, 0x00000000ca000000|  0%| F|  |TAMS 0x00000000c9f00000, 0x00000000c9f00000| Untracked 
|  94|0x00000000ca000000, 0x00000000ca000000, 0x00000000ca100000|  0%| F|  |TAMS 0x00000000ca000000, 0x00000000ca000000| Untracked 
|  95|0x00000000ca100000, 0x00000000ca100000, 0x00000000ca200000|  0%| F|  |TAMS 0x00000000ca100000, 0x00000000ca100000| Untracked 
|  96|0x00000000ca200000, 0x00000000ca200000, 0x00000000ca300000|  0%| F|  |TAMS 0x00000000ca200000, 0x00000000ca200000| Untracked 
|  97|0x00000000ca300000, 0x00000000ca300000, 0x00000000ca400000|  0%| F|  |TAMS 0x00000000ca300000, 0x00000000ca300000| Untracked 
|  98|0x00000000ca400000, 0x00000000ca400000, 0x00000000ca500000|  0%| F|  |TAMS 0x00000000ca400000, 0x00000000ca400000| Untracked 
|  99|0x00000000ca500000, 0x00000000ca500000, 0x00000000ca600000|  0%| F|  |TAMS 0x00000000ca500000, 0x00000000ca500000| Untracked 
| 100|0x00000000ca600000, 0x00000000ca600000, 0x00000000ca700000|  0%| F|  |TAMS 0x00000000ca600000, 0x00000000ca600000| Untracked 
| 101|0x00000000ca700000, 0x00000000ca700000, 0x00000000ca800000|  0%| F|  |TAMS 0x00000000ca700000, 0x00000000ca700000| Untracked 
| 102|0x00000000ca800000, 0x00000000ca800000, 0x00000000ca900000|  0%| F|  |TAMS 0x00000000ca800000, 0x00000000ca800000| Untracked 
| 103|0x00000000ca900000, 0x00000000ca900000, 0x00000000caa00000|  0%| F|  |TAMS 0x00000000ca900000, 0x00000000ca900000| Untracked 
| 104|0x00000000caa00000, 0x00000000caa00000, 0x00000000cab00000|  0%| F|  |TAMS 0x00000000caa00000, 0x00000000caa00000| Untracked 
| 105|0x00000000cab00000, 0x00000000cac00000, 0x00000000cac00000|100%| S|CS|TAMS 0x00000000cab00000, 0x00000000cab00000| Complete 
| 106|0x00000000cac00000, 0x00000000cad00000, 0x00000000cad00000|100%| S|CS|TAMS 0x00000000cac00000, 0x00000000cac00000| Complete 
| 107|0x00000000cad00000, 0x00000000cae00000, 0x00000000cae00000|100%| S|CS|TAMS 0x00000000cad00000, 0x00000000cad00000| Complete 
| 108|0x00000000cae00000, 0x00000000cae00000, 0x00000000caf00000|  0%| F|  |TAMS 0x00000000cae00000, 0x00000000cae00000| Untracked 
| 109|0x00000000caf00000, 0x00000000caf00000, 0x00000000cb000000|  0%| F|  |TAMS 0x00000000caf00000, 0x00000000caf00000| Untracked 
| 110|0x00000000cb000000, 0x00000000cb000000, 0x00000000cb100000|  0%| F|  |TAMS 0x00000000cb000000, 0x00000000cb000000| Untracked 
| 111|0x00000000cb100000, 0x00000000cb100000, 0x00000000cb200000|  0%| F|  |TAMS 0x00000000cb100000, 0x00000000cb100000| Untracked 
| 112|0x00000000cb200000, 0x00000000cb200000, 0x00000000cb300000|  0%| F|  |TAMS 0x00000000cb200000, 0x00000000cb200000| Untracked 
| 113|0x00000000cb300000, 0x00000000cb300000, 0x00000000cb400000|  0%| F|  |TAMS 0x00000000cb300000, 0x00000000cb300000| Untracked 
| 114|0x00000000cb400000, 0x00000000cb400000, 0x00000000cb500000|  0%| F|  |TAMS 0x00000000cb400000, 0x00000000cb400000| Untracked 
| 115|0x00000000cb500000, 0x00000000cb500000, 0x00000000cb600000|  0%| F|  |TAMS 0x00000000cb500000, 0x00000000cb500000| Untracked 
| 116|0x00000000cb600000, 0x00000000cb600000, 0x00000000cb700000|  0%| F|  |TAMS 0x00000000cb600000, 0x00000000cb600000| Untracked 
| 117|0x00000000cb700000, 0x00000000cb700000, 0x00000000cb800000|  0%| F|  |TAMS 0x00000000cb700000, 0x00000000cb700000| Untracked 
| 118|0x00000000cb800000, 0x00000000cb800000, 0x00000000cb900000|  0%| F|  |TAMS 0x00000000cb800000, 0x00000000cb800000| Untracked 
| 119|0x00000000cb900000, 0x00000000cb900000, 0x00000000cba00000|  0%| F|  |TAMS 0x00000000cb900000, 0x00000000cb900000| Untracked 
| 120|0x00000000cba00000, 0x00000000cba00000, 0x00000000cbb00000|  0%| F|  |TAMS 0x00000000cba00000, 0x00000000cba00000| Untracked 
| 121|0x00000000cbb00000, 0x00000000cbb00000, 0x00000000cbc00000|  0%| F|  |TAMS 0x00000000cbb00000, 0x00000000cbb00000| Untracked 
| 122|0x00000000cbc00000, 0x00000000cbc00000, 0x00000000cbd00000|  0%| F|  |TAMS 0x00000000cbc00000, 0x00000000cbc00000| Untracked 
| 123|0x00000000cbd00000, 0x00000000cbd00000, 0x00000000cbe00000|  0%| F|  |TAMS 0x00000000cbd00000, 0x00000000cbd00000| Untracked 
| 124|0x00000000cbe00000, 0x00000000cbe00000, 0x00000000cbf00000|  0%| F|  |TAMS 0x00000000cbe00000, 0x00000000cbe00000| Untracked 
| 125|0x00000000cbf00000, 0x00000000cbf00000, 0x00000000cc000000|  0%| F|  |TAMS 0x00000000cbf00000, 0x00000000cbf00000| Untracked 
| 126|0x00000000cc000000, 0x00000000cc000000, 0x00000000cc100000|  0%| F|  |TAMS 0x00000000cc000000, 0x00000000cc000000| Untracked 
| 127|0x00000000cc100000, 0x00000000cc100000, 0x00000000cc200000|  0%| F|  |TAMS 0x00000000cc100000, 0x00000000cc100000| Untracked 
| 128|0x00000000cc200000, 0x00000000cc200000, 0x00000000cc300000|  0%| F|  |TAMS 0x00000000cc200000, 0x00000000cc200000| Untracked 
| 129|0x00000000cc300000, 0x00000000cc300000, 0x00000000cc400000|  0%| F|  |TAMS 0x00000000cc300000, 0x00000000cc300000| Untracked 
| 130|0x00000000cc400000, 0x00000000cc400000, 0x00000000cc500000|  0%| F|  |TAMS 0x00000000cc400000, 0x00000000cc400000| Untracked 
| 131|0x00000000cc500000, 0x00000000cc500000, 0x00000000cc600000|  0%| F|  |TAMS 0x00000000cc500000, 0x00000000cc500000| Untracked 
| 132|0x00000000cc600000, 0x00000000cc600000, 0x00000000cc700000|  0%| F|  |TAMS 0x00000000cc600000, 0x00000000cc600000| Untracked 
| 133|0x00000000cc700000, 0x00000000cc700000, 0x00000000cc800000|  0%| F|  |TAMS 0x00000000cc700000, 0x00000000cc700000| Untracked 
| 134|0x00000000cc800000, 0x00000000cc800000, 0x00000000cc900000|  0%| F|  |TAMS 0x00000000cc800000, 0x00000000cc800000| Untracked 
| 135|0x00000000cc900000, 0x00000000cc900000, 0x00000000cca00000|  0%| F|  |TAMS 0x00000000cc900000, 0x00000000cc900000| Untracked 
| 136|0x00000000cca00000, 0x00000000cca00000, 0x00000000ccb00000|  0%| F|  |TAMS 0x00000000cca00000, 0x00000000cca00000| Untracked 
| 137|0x00000000ccb00000, 0x00000000ccb00000, 0x00000000ccc00000|  0%| F|  |TAMS 0x00000000ccb00000, 0x00000000ccb00000| Untracked 
| 138|0x00000000ccc00000, 0x00000000ccc00000, 0x00000000ccd00000|  0%| F|  |TAMS 0x00000000ccc00000, 0x00000000ccc00000| Untracked 
| 139|0x00000000ccd00000, 0x00000000ccd00000, 0x00000000cce00000|  0%| F|  |TAMS 0x00000000ccd00000, 0x00000000ccd00000| Untracked 
| 140|0x00000000cce00000, 0x00000000cce00000, 0x00000000ccf00000|  0%| F|  |TAMS 0x00000000cce00000, 0x00000000cce00000| Untracked 
| 141|0x00000000ccf00000, 0x00000000ccf00000, 0x00000000cd000000|  0%| F|  |TAMS 0x00000000ccf00000, 0x00000000ccf00000| Untracked 
| 142|0x00000000cd000000, 0x00000000cd000000, 0x00000000cd100000|  0%| F|  |TAMS 0x00000000cd000000, 0x00000000cd000000| Untracked 
| 143|0x00000000cd100000, 0x00000000cd100000, 0x00000000cd200000|  0%| F|  |TAMS 0x00000000cd100000, 0x00000000cd100000| Untracked 
| 144|0x00000000cd200000, 0x00000000cd200000, 0x00000000cd300000|  0%| F|  |TAMS 0x00000000cd200000, 0x00000000cd200000| Untracked 
| 145|0x00000000cd300000, 0x00000000cd300000, 0x00000000cd400000|  0%| F|  |TAMS 0x00000000cd300000, 0x00000000cd300000| Untracked 
| 146|0x00000000cd400000, 0x00000000cd400000, 0x00000000cd500000|  0%| F|  |TAMS 0x00000000cd400000, 0x00000000cd400000| Untracked 
| 147|0x00000000cd500000, 0x00000000cd500000, 0x00000000cd600000|  0%| F|  |TAMS 0x00000000cd500000, 0x00000000cd500000| Untracked 
| 148|0x00000000cd600000, 0x00000000cd600000, 0x00000000cd700000|  0%| F|  |TAMS 0x00000000cd600000, 0x00000000cd600000| Untracked 
| 149|0x00000000cd700000, 0x00000000cd700000, 0x00000000cd800000|  0%| F|  |TAMS 0x00000000cd700000, 0x00000000cd700000| Untracked 
| 150|0x00000000cd800000, 0x00000000cd800000, 0x00000000cd900000|  0%| F|  |TAMS 0x00000000cd800000, 0x00000000cd800000| Untracked 
| 151|0x00000000cd900000, 0x00000000cd900000, 0x00000000cda00000|  0%| F|  |TAMS 0x00000000cd900000, 0x00000000cd900000| Untracked 
| 152|0x00000000cda00000, 0x00000000cda00000, 0x00000000cdb00000|  0%| F|  |TAMS 0x00000000cda00000, 0x00000000cda00000| Untracked 
| 153|0x00000000cdb00000, 0x00000000cdb00000, 0x00000000cdc00000|  0%| F|  |TAMS 0x00000000cdb00000, 0x00000000cdb00000| Untracked 
| 154|0x00000000cdc00000, 0x00000000cdc00000, 0x00000000cdd00000|  0%| F|  |TAMS 0x00000000cdc00000, 0x00000000cdc00000| Untracked 
| 155|0x00000000cdd00000, 0x00000000cdd00000, 0x00000000cde00000|  0%| F|  |TAMS 0x00000000cdd00000, 0x00000000cdd00000| Untracked 
| 156|0x00000000cde00000, 0x00000000cde00000, 0x00000000cdf00000|  0%| F|  |TAMS 0x00000000cde00000, 0x00000000cde00000| Untracked 
| 157|0x00000000cdf00000, 0x00000000cdf00000, 0x00000000ce000000|  0%| F|  |TAMS 0x00000000cdf00000, 0x00000000cdf00000| Untracked 
| 158|0x00000000ce000000, 0x00000000ce000000, 0x00000000ce100000|  0%| F|  |TAMS 0x00000000ce000000, 0x00000000ce000000| Untracked 
| 159|0x00000000ce100000, 0x00000000ce100000, 0x00000000ce200000|  0%| F|  |TAMS 0x00000000ce100000, 0x00000000ce100000| Untracked 
| 160|0x00000000ce200000, 0x00000000ce200000, 0x00000000ce300000|  0%| F|  |TAMS 0x00000000ce200000, 0x00000000ce200000| Untracked 
| 161|0x00000000ce300000, 0x00000000ce300000, 0x00000000ce400000|  0%| F|  |TAMS 0x00000000ce300000, 0x00000000ce300000| Untracked 
| 162|0x00000000ce400000, 0x00000000ce400000, 0x00000000ce500000|  0%| F|  |TAMS 0x00000000ce400000, 0x00000000ce400000| Untracked 
| 163|0x00000000ce500000, 0x00000000ce500000, 0x00000000ce600000|  0%| F|  |TAMS 0x00000000ce500000, 0x00000000ce500000| Untracked 
| 164|0x00000000ce600000, 0x00000000ce600000, 0x00000000ce700000|  0%| F|  |TAMS 0x00000000ce600000, 0x00000000ce600000| Untracked 
| 165|0x00000000ce700000, 0x00000000ce700000, 0x00000000ce800000|  0%| F|  |TAMS 0x00000000ce700000, 0x00000000ce700000| Untracked 
| 166|0x00000000ce800000, 0x00000000ce800000, 0x00000000ce900000|  0%| F|  |TAMS 0x00000000ce800000, 0x00000000ce800000| Untracked 
| 167|0x00000000ce900000, 0x00000000ce900000, 0x00000000cea00000|  0%| F|  |TAMS 0x00000000ce900000, 0x00000000ce900000| Untracked 
| 168|0x00000000cea00000, 0x00000000cea00000, 0x00000000ceb00000|  0%| F|  |TAMS 0x00000000cea00000, 0x00000000cea00000| Untracked 
| 169|0x00000000ceb00000, 0x00000000ceb00000, 0x00000000cec00000|  0%| F|  |TAMS 0x00000000ceb00000, 0x00000000ceb00000| Untracked 
| 170|0x00000000cec00000, 0x00000000cec00000, 0x00000000ced00000|  0%| F|  |TAMS 0x00000000cec00000, 0x00000000cec00000| Untracked 
| 171|0x00000000ced00000, 0x00000000ced00000, 0x00000000cee00000|  0%| F|  |TAMS 0x00000000ced00000, 0x00000000ced00000| Untracked 
| 172|0x00000000cee00000, 0x00000000cee00000, 0x00000000cef00000|  0%| F|  |TAMS 0x00000000cee00000, 0x00000000cee00000| Untracked 
| 173|0x00000000cef00000, 0x00000000cef00000, 0x00000000cf000000|  0%| F|  |TAMS 0x00000000cef00000, 0x00000000cef00000| Untracked 
| 174|0x00000000cf000000, 0x00000000cf000000, 0x00000000cf100000|  0%| F|  |TAMS 0x00000000cf000000, 0x00000000cf000000| Untracked 
| 175|0x00000000cf100000, 0x00000000cf100000, 0x00000000cf200000|  0%| F|  |TAMS 0x00000000cf100000, 0x00000000cf100000| Untracked 
| 176|0x00000000cf200000, 0x00000000cf200000, 0x00000000cf300000|  0%| F|  |TAMS 0x00000000cf200000, 0x00000000cf200000| Untracked 
| 177|0x00000000cf300000, 0x00000000cf300000, 0x00000000cf400000|  0%| F|  |TAMS 0x00000000cf300000, 0x00000000cf300000| Untracked 
| 178|0x00000000cf400000, 0x00000000cf400000, 0x00000000cf500000|  0%| F|  |TAMS 0x00000000cf400000, 0x00000000cf400000| Untracked 
| 179|0x00000000cf500000, 0x00000000cf500000, 0x00000000cf600000|  0%| F|  |TAMS 0x00000000cf500000, 0x00000000cf500000| Untracked 
| 180|0x00000000cf600000, 0x00000000cf600000, 0x00000000cf700000|  0%| F|  |TAMS 0x00000000cf600000, 0x00000000cf600000| Untracked 
| 181|0x00000000cf700000, 0x00000000cf700000, 0x00000000cf800000|  0%| F|  |TAMS 0x00000000cf700000, 0x00000000cf700000| Untracked 
| 182|0x00000000cf800000, 0x00000000cf800000, 0x00000000cf900000|  0%| F|  |TAMS 0x00000000cf800000, 0x00000000cf800000| Untracked 
| 183|0x00000000cf900000, 0x00000000cf900000, 0x00000000cfa00000|  0%| F|  |TAMS 0x00000000cf900000, 0x00000000cf900000| Untracked 
| 184|0x00000000cfa00000, 0x00000000cfa00000, 0x00000000cfb00000|  0%| F|  |TAMS 0x00000000cfa00000, 0x00000000cfa00000| Untracked 
| 185|0x00000000cfb00000, 0x00000000cfb00000, 0x00000000cfc00000|  0%| F|  |TAMS 0x00000000cfb00000, 0x00000000cfb00000| Untracked 
| 186|0x00000000cfc00000, 0x00000000cfc00000, 0x00000000cfd00000|  0%| F|  |TAMS 0x00000000cfc00000, 0x00000000cfc00000| Untracked 
| 187|0x00000000cfd00000, 0x00000000cfd00000, 0x00000000cfe00000|  0%| F|  |TAMS 0x00000000cfd00000, 0x00000000cfd00000| Untracked 
| 188|0x00000000cfe00000, 0x00000000cfe00000, 0x00000000cff00000|  0%| F|  |TAMS 0x00000000cfe00000, 0x00000000cfe00000| Untracked 
| 189|0x00000000cff00000, 0x00000000cff00000, 0x00000000d0000000|  0%| F|  |TAMS 0x00000000cff00000, 0x00000000cff00000| Untracked 
| 190|0x00000000d0000000, 0x00000000d0000000, 0x00000000d0100000|  0%| F|  |TAMS 0x00000000d0000000, 0x00000000d0000000| Untracked 
| 191|0x00000000d0100000, 0x00000000d0100000, 0x00000000d0200000|  0%| F|  |TAMS 0x00000000d0100000, 0x00000000d0100000| Untracked 
| 192|0x00000000d0200000, 0x00000000d0200000, 0x00000000d0300000|  0%| F|  |TAMS 0x00000000d0200000, 0x00000000d0200000| Untracked 
| 193|0x00000000d0300000, 0x00000000d0300000, 0x00000000d0400000|  0%| F|  |TAMS 0x00000000d0300000, 0x00000000d0300000| Untracked 
| 194|0x00000000d0400000, 0x00000000d0400000, 0x00000000d0500000|  0%| F|  |TAMS 0x00000000d0400000, 0x00000000d0400000| Untracked 
| 195|0x00000000d0500000, 0x00000000d0500000, 0x00000000d0600000|  0%| F|  |TAMS 0x00000000d0500000, 0x00000000d0500000| Untracked 
| 196|0x00000000d0600000, 0x00000000d0600000, 0x00000000d0700000|  0%| F|  |TAMS 0x00000000d0600000, 0x00000000d0600000| Untracked 
| 197|0x00000000d0700000, 0x00000000d0700000, 0x00000000d0800000|  0%| F|  |TAMS 0x00000000d0700000, 0x00000000d0700000| Untracked 
| 198|0x00000000d0800000, 0x00000000d0800000, 0x00000000d0900000|  0%| F|  |TAMS 0x00000000d0800000, 0x00000000d0800000| Untracked 
| 199|0x00000000d0900000, 0x00000000d0900000, 0x00000000d0a00000|  0%| F|  |TAMS 0x00000000d0900000, 0x00000000d0900000| Untracked 
| 200|0x00000000d0a00000, 0x00000000d0a00000, 0x00000000d0b00000|  0%| F|  |TAMS 0x00000000d0a00000, 0x00000000d0a00000| Untracked 
| 201|0x00000000d0b00000, 0x00000000d0b00000, 0x00000000d0c00000|  0%| F|  |TAMS 0x00000000d0b00000, 0x00000000d0b00000| Untracked 
| 202|0x00000000d0c00000, 0x00000000d0c00000, 0x00000000d0d00000|  0%| F|  |TAMS 0x00000000d0c00000, 0x00000000d0c00000| Untracked 
| 203|0x00000000d0d00000, 0x00000000d0d00000, 0x00000000d0e00000|  0%| F|  |TAMS 0x00000000d0d00000, 0x00000000d0d00000| Untracked 
| 204|0x00000000d0e00000, 0x00000000d0e00000, 0x00000000d0f00000|  0%| F|  |TAMS 0x00000000d0e00000, 0x00000000d0e00000| Untracked 
| 205|0x00000000d0f00000, 0x00000000d0f00000, 0x00000000d1000000|  0%| F|  |TAMS 0x00000000d0f00000, 0x00000000d0f00000| Untracked 
| 206|0x00000000d1000000, 0x00000000d1000000, 0x00000000d1100000|  0%| F|  |TAMS 0x00000000d1000000, 0x00000000d1000000| Untracked 
| 207|0x00000000d1100000, 0x00000000d1100000, 0x00000000d1200000|  0%| F|  |TAMS 0x00000000d1100000, 0x00000000d1100000| Untracked 
| 208|0x00000000d1200000, 0x00000000d1200000, 0x00000000d1300000|  0%| F|  |TAMS 0x00000000d1200000, 0x00000000d1200000| Untracked 
| 209|0x00000000d1300000, 0x00000000d1300000, 0x00000000d1400000|  0%| F|  |TAMS 0x00000000d1300000, 0x00000000d1300000| Untracked 
| 210|0x00000000d1400000, 0x00000000d1400000, 0x00000000d1500000|  0%| F|  |TAMS 0x00000000d1400000, 0x00000000d1400000| Untracked 
| 211|0x00000000d1500000, 0x00000000d1500000, 0x00000000d1600000|  0%| F|  |TAMS 0x00000000d1500000, 0x00000000d1500000| Untracked 
| 212|0x00000000d1600000, 0x00000000d1600000, 0x00000000d1700000|  0%| F|  |TAMS 0x00000000d1600000, 0x00000000d1600000| Untracked 
| 213|0x00000000d1700000, 0x00000000d1700000, 0x00000000d1800000|  0%| F|  |TAMS 0x00000000d1700000, 0x00000000d1700000| Untracked 
| 214|0x00000000d1800000, 0x00000000d1800000, 0x00000000d1900000|  0%| F|  |TAMS 0x00000000d1800000, 0x00000000d1800000| Untracked 
| 215|0x00000000d1900000, 0x00000000d1900000, 0x00000000d1a00000|  0%| F|  |TAMS 0x00000000d1900000, 0x00000000d1900000| Untracked 
| 216|0x00000000d1a00000, 0x00000000d1a00000, 0x00000000d1b00000|  0%| F|  |TAMS 0x00000000d1a00000, 0x00000000d1a00000| Untracked 
| 217|0x00000000d1b00000, 0x00000000d1b00000, 0x00000000d1c00000|  0%| F|  |TAMS 0x00000000d1b00000, 0x00000000d1b00000| Untracked 
| 218|0x00000000d1c00000, 0x00000000d1c00000, 0x00000000d1d00000|  0%| F|  |TAMS 0x00000000d1c00000, 0x00000000d1c00000| Untracked 
| 219|0x00000000d1d00000, 0x00000000d1d00000, 0x00000000d1e00000|  0%| F|  |TAMS 0x00000000d1d00000, 0x00000000d1d00000| Untracked 
| 220|0x00000000d1e00000, 0x00000000d1e00000, 0x00000000d1f00000|  0%| F|  |TAMS 0x00000000d1e00000, 0x00000000d1e00000| Untracked 
| 221|0x00000000d1f00000, 0x00000000d1f00000, 0x00000000d2000000|  0%| F|  |TAMS 0x00000000d1f00000, 0x00000000d1f00000| Untracked 
| 222|0x00000000d2000000, 0x00000000d2000000, 0x00000000d2100000|  0%| F|  |TAMS 0x00000000d2000000, 0x00000000d2000000| Untracked 
| 223|0x00000000d2100000, 0x00000000d2100000, 0x00000000d2200000|  0%| F|  |TAMS 0x00000000d2100000, 0x00000000d2100000| Untracked 
| 224|0x00000000d2200000, 0x00000000d2200000, 0x00000000d2300000|  0%| F|  |TAMS 0x00000000d2200000, 0x00000000d2200000| Untracked 
| 225|0x00000000d2300000, 0x00000000d2300000, 0x00000000d2400000|  0%| F|  |TAMS 0x00000000d2300000, 0x00000000d2300000| Untracked 
| 226|0x00000000d2400000, 0x00000000d2400000, 0x00000000d2500000|  0%| F|  |TAMS 0x00000000d2400000, 0x00000000d2400000| Untracked 

Card table byte_map: [0x00007fbfc4af9000,0x00007fbfc4cd8000] _byte_map_base: 0x00007fbfc44d8000

Marking Bits (Prev, Next): (CMBitMap*) 0x00007fbfc004f250, (CMBitMap*) 0x00007fbfc004f218
 Prev Bits: [0x00007fbfa2210000, 0x00007fbfa3108000)
 Next Bits: [0x00007fbfa3108000, 0x00007fbfa4000000)

Polling page: 0x00007fbfc8e0b000

Metaspace:

Usage:
  Non-class:     29.17 MB capacity,    28.56 MB ( 98%) used,   516.40 KB (  2%) free+waste,   118.00 KB ( <1%) overhead. 
      Class:      4.30 MB capacity,     3.83 MB ( 89%) used,   412.95 KB (  9%) free+waste,    62.38 KB (  1%) overhead. 
       Both:     33.47 MB capacity,    32.39 MB ( 97%) used,   929.34 KB (  3%) free+waste,   180.38 KB ( <1%) overhead. 

Virtual space:
  Non-class space:       30.00 MB reserved,      29.25 MB ( 98%) committed 
      Class space:        1.00 GB reserved,       4.37 MB ( <1%) committed 
             Both:        1.03 GB reserved,      33.62 MB (  3%) committed 

Chunk freelists:
   Non-Class:  4.62 KB
       Class:  0 bytes
        Both:  4.62 KB

CodeHeap 'non-profiled nmethods': size=120032Kb used=2955Kb max_used=2955Kb free=117076Kb
 bounds [0x00007fbfb06d0000, 0x00007fbfb09c0000, 0x00007fbfb7c08000]
CodeHeap 'profiled nmethods': size=120032Kb used=13874Kb max_used=13874Kb free=106157Kb
 bounds [0x00007fbfa9198000, 0x00007fbfa9f28000, 0x00007fbfb06d0000]
CodeHeap 'non-nmethods': size=5696Kb used=1182Kb max_used=1221Kb free=4513Kb
 bounds [0x00007fbfa8c08000, 0x00007fbfa8e78000, 0x00007fbfa9198000]
 total_blobs=8462 nmethods=6770 adapters=470
 compilation: enabled
              stopped_count=0, restarted_count=0
 full_count=0

Compilation events (10 events):
Event: 17.289 Thread 0x00007fbfc0182000 6825       2       sun.nio.fs.UnixFileAttributes::asBasicFileAttributes (5 bytes)
Event: 17.290 Thread 0x00007fbfc0182000 nmethod 6825 0x00007fbfa9f24590 code [0x00007fbfa9f24740, 0x00007fbfa9f24930]
Event: 17.300 Thread 0x00007fbfc0180000 nmethod 6795 0x00007fbfb09a9a10 code [0x00007fbfb09a9da0, 0x00007fbfb09adee0]
Event: 17.300 Thread 0x00007fbfc0180000 6796       4       sun.security.rsa.RSAPadding::unpadV15 (175 bytes)
Event: 17.333 Thread 0x00007fbfc0180000 nmethod 6796 0x00007fbfb09b1010 code [0x00007fbfb09b11e0, 0x00007fbfb09b17e8]
Event: 17.333 Thread 0x00007fbfc0180000 6778       4       org.apache.xerces.impl.XMLEntityScanner::skipString (207 bytes)
Event: 17.345 Thread 0x00007fbfc0180000 nmethod 6778 0x00007fbfb09b1b90 code [0x00007fbfb09b1d80, 0x00007fbfb09b2328]
Event: 17.345 Thread 0x00007fbfc0180000 6788       4       org.eclipse.emf.common.util.BasicEList::addUnique (49 bytes)
Event: 17.349 Thread 0x00007fbfc0180000 nmethod 6788 0x00007fbfb09b2890 code [0x00007fbfb09b2a40, 0x00007fbfb09b2cd8]
Event: 17.350 Thread 0x00007fbfc0180000 6779       4       org.eclipse.emf.henshin.interpreter.impl.EGraphImpl::getDomain (40 bytes)

GC Heap History (10 events):
Event: 13.003 GC heap after
{Heap after GC invocations=29 (full 0):
 garbage-first heap   total 200704K, used 35681K [0x00000000c4200000, 0x0000000100000000)
  region size 1024K, 14 young (14336K), 14 survivors (14336K)
 Metaspace       used 32851K, capacity 33931K, committed 34172K, reserved 1079296K
  class space    used 3921K, capacity 4396K, committed 4476K, reserved 1048576K
}
Event: 13.427 GC heap before
{Heap before GC invocations=29 (full 0):
 garbage-first heap   total 200704K, used 141153K [0x00000000c4200000, 0x0000000100000000)
  region size 1024K, 117 young (119808K), 14 survivors (14336K)
 Metaspace       used 32890K, capacity 33934K, committed 34172K, reserved 1079296K
  class space    used 3921K, capacity 4396K, committed 4476K, reserved 1048576K
}
Event: 13.458 GC heap after
{Heap after GC invocations=30 (full 0):
 garbage-first heap   total 232448K, used 36677K [0x00000000c4200000, 0x0000000100000000)
  region size 1024K, 15 young (15360K), 15 survivors (15360K)
 Metaspace       used 32890K, capacity 33934K, committed 34172K, reserved 1079296K
  class space    used 3921K, capacity 4396K, committed 4476K, reserved 1048576K
}
Event: 14.697 GC heap before
{Heap before GC invocations=30 (full 0):
 garbage-first heap   total 232448K, used 160581K [0x00000000c4200000, 0x0000000100000000)
  region size 1024K, 136 young (139264K), 15 survivors (15360K)
 Metaspace       used 33042K, capacity 34066K, committed 34428K, reserved 1079296K
  class space    used 3922K, capacity 4396K, committed 4476K, reserved 1048576K
}
Event: 14.781 GC heap after
{Heap after GC invocations=31 (full 0):
 garbage-first heap   total 232448K, used 39608K [0x00000000c4200000, 0x0000000100000000)
  region size 1024K, 17 young (17408K), 17 survivors (17408K)
 Metaspace       used 33042K, capacity 34066K, committed 34428K, reserved 1079296K
  class space    used 3922K, capacity 4396K, committed 4476K, reserved 1048576K
}
Event: 15.816 GC heap before
{Heap before GC invocations=31 (full 0):
 garbage-first heap   total 232448K, used 161464K [0x00000000c4200000, 0x0000000100000000)
  region size 1024K, 136 young (139264K), 17 survivors (17408K)
 Metaspace       used 33073K, capacity 34130K, committed 34428K, reserved 1079296K
  class space    used 3922K, capacity 4396K, committed 4476K, reserved 1048576K
}
Event: 15.881 GC heap after
{Heap after GC invocations=32 (full 0):
 garbage-first heap   total 232448K, used 39127K [0x00000000c4200000, 0x0000000100000000)
  region size 1024K, 16 young (16384K), 16 survivors (16384K)
 Metaspace       used 33073K, capacity 34130K, committed 34428K, reserved 1079296K
  class space    used 3922K, capacity 4396K, committed 4476K, reserved 1048576K
}
Event: 16.600 GC heap before
{Heap before GC invocations=32 (full 0):
 garbage-first heap   total 232448K, used 162007K [0x00000000c4200000, 0x0000000100000000)
  region size 1024K, 136 young (139264K), 16 survivors (16384K)
 Metaspace       used 33130K, capacity 34142K, committed 34428K, reserved 1079296K
  class space    used 3925K, capacity 4400K, committed 4476K, reserved 1048576K
}
Event: 16.651 GC heap after
{Heap after GC invocations=33 (full 0):
 garbage-first heap   total 232448K, used 40468K [0x00000000c4200000, 0x0000000100000000)
  region size 1024K, 17 young (17408K), 17 survivors (17408K)
 Metaspace       used 33130K, capacity 34142K, committed 34428K, reserved 1079296K
  class space    used 3925K, capacity 4400K, committed 4476K, reserved 1048576K
}
Event: 17.377 GC heap before
{Heap before GC invocations=33 (full 0):
 garbage-first heap   total 232448K, used 162324K [0x00000000c4200000, 0x0000000100000000)
  region size 1024K, 136 young (139264K), 17 survivors (17408K)
 Metaspace       used 33166K, capacity 34276K, committed 34428K, reserved 1079296K
  class space    used 3925K, capacity 4401K, committed 4476K, reserved 1048576K
}

Deoptimization events (10 events):
Event: 12.421 Thread 0x00007fbfc0012000 Uncommon trap: reason=class_check action=maybe_recompile pc=0x00007fbfb0931f54 method=java.util.HashSet.clear()V @ 4 c2
Event: 12.421 Thread 0x00007fbfc0012000 Uncommon trap: reason=class_check action=maybe_recompile pc=0x00007fbfb0931f54 method=java.util.HashSet.clear()V @ 4 c2
Event: 12.421 Thread 0x00007fbfc0012000 Uncommon trap: reason=class_check action=maybe_recompile pc=0x00007fbfb0931f54 method=java.util.HashSet.clear()V @ 4 c2
Event: 13.771 Thread 0x00007fbfc0012000 Uncommon trap: reason=unstable_if action=reinterpret pc=0x00007fbfb0959100 method=org.eclipse.emf.common.util.URI$Hierarchical.hasRelativePath()Z @ 6 c2
Event: 13.790 Thread 0x00007fbfc0012000 Uncommon trap: reason=unstable_if action=reinterpret pc=0x00007fbfb0958660 method=org.eclipse.emf.common.util.AbstractEList.add(Ljava/lang/Object;)Z @ 12 c2
Event: 14.305 Thread 0x00007fbfc0012000 Uncommon trap: reason=predicate action=maybe_recompile pc=0x00007fbfb09607c4 method=java.util.AbstractCollection.toArray([Ljava/lang/Object;)[Ljava/lang/Object; @ 43 c2
Event: 14.337 Thread 0x00007fbfc0012000 Uncommon trap: reason=array_check action=maybe_recompile pc=0x00007fbfb09640c0 method=java.util.AbstractCollection.toArray([Ljava/lang/Object;)[Ljava/lang/Object; @ 116 c2
Event: 14.338 Thread 0x00007fbfc0012000 Uncommon trap: reason=array_check action=maybe_recompile pc=0x00007fbfb09640c0 method=java.util.AbstractCollection.toArray([Ljava/lang/Object;)[Ljava/lang/Object; @ 116 c2
Event: 14.348 Thread 0x00007fbfc0012000 Uncommon trap: reason=array_check action=maybe_recompile pc=0x00007fbfb09640c0 method=java.util.AbstractCollection.toArray([Ljava/lang/Object;)[Ljava/lang/Object; @ 116 c2
Event: 14.351 Thread 0x00007fbfc0012000 Uncommon trap: reason=array_check action=maybe_recompile pc=0x00007fbfb09640c0 method=java.util.AbstractCollection.toArray([Ljava/lang/Object;)[Ljava/lang/Object; @ 116 c2

Classes redefined (0 events):
No events

Internal exceptions (10 events):
Event: 4.967 Thread 0x00007fbfc0012000 Exception <a 'java/lang/NoSuchMethodError'{0x00000000c79b99a0}: java.lang.invoke.DirectMethodHandle$Holder.invokeStatic(Ljava/lang/Object;Ljava/lang/Object;Ljava/lang/Object;I)I> (0x00000000c79b99a0) thrown at [/opt/mach5/mesos/work_dir/slaves/fcf4c0c4-d7
Event: 4.968 Thread 0x00007fbfc0012000 Exception <a 'java/lang/NoSuchMethodError'{0x00000000c79bd1f0}: java.lang.invoke.DirectMethodHandle$Holder.invokeStaticInit(Ljava/lang/Object;Ljava/lang/Object;Ljava/lang/Object;I)I> (0x00000000c79bd1f0) thrown at [/opt/mach5/mesos/work_dir/slaves/fcf4c0c
Event: 4.968 Thread 0x00007fbfc0012000 Exception <a 'java/lang/NoSuchMethodError'{0x00000000c79c2d48}: java.lang.invoke.DirectMethodHandle$Holder.invokeStatic(Ljava/lang/Object;Ljava/lang/Object;DD)Ljava/lang/Object;> (0x00000000c79c2d48) thrown at [/opt/mach5/mesos/work_dir/slaves/fcf4c0c4-d7
Event: 4.969 Thread 0x00007fbfc0012000 Exception <a 'java/lang/NoSuchMethodError'{0x00000000c79c67e8}: java.lang.invoke.DirectMethodHandle$Holder.invokeStaticInit(Ljava/lang/Object;Ljava/lang/Object;DD)Ljava/lang/Object;> (0x00000000c79c67e8) thrown at [/opt/mach5/mesos/work_dir/slaves/fcf4c0c
Event: 4.974 Thread 0x00007fbfc0012000 Exception <a 'java/lang/NoSuchMethodError'{0x00000000c79e04f8}: java.lang.invoke.DirectMethodHandle$Holder.invokeStaticInit(Ljava/lang/Object;Ljava/lang/Object;J)J> (0x00000000c79e04f8) thrown at [/opt/mach5/mesos/work_dir/slaves/fcf4c0c4-d73e-4321-860c-6
Event: 4.975 Thread 0x00007fbfc0012000 Exception <a 'java/lang/NoSuchMethodError'{0x00000000c79e8428}: java.lang.invoke.DirectMethodHandle$Holder.invokeStaticInit(Ljava/lang/Object;Ljava/lang/Object;DD)D> (0x00000000c79e8428) thrown at [/opt/mach5/mesos/work_dir/slaves/fcf4c0c4-d73e-4321-860c-
Event: 4.976 Thread 0x00007fbfc0012000 Exception <a 'java/lang/NoSuchMethodError'{0x00000000c79ee300}: java.lang.invoke.DirectMethodHandle$Holder.invokeStatic(Ljava/lang/Object;Ljava/lang/Object;II)I> (0x00000000c79ee300) thrown at [/opt/mach5/mesos/work_dir/slaves/fcf4c0c4-d73e-4321-860c-6613
Event: 4.976 Thread 0x00007fbfc0012000 Exception <a 'java/lang/NoSuchMethodError'{0x00000000c79f1cf0}: java.lang.invoke.DirectMethodHandle$Holder.invokeStaticInit(Ljava/lang/Object;Ljava/lang/Object;II)I> (0x00000000c79f1cf0) thrown at [/opt/mach5/mesos/work_dir/slaves/fcf4c0c4-d73e-4321-860c-
Event: 4.977 Thread 0x00007fbfc0012000 Exception <a 'java/lang/NoSuchMethodError'{0x00000000c79f86b8}: java.lang.invoke.DirectMethodHandle$Holder.invokeStaticInit(Ljava/lang/Object;Ljava/lang/Object;JJ)J> (0x00000000c79f86b8) thrown at [/opt/mach5/mesos/work_dir/slaves/fcf4c0c4-d73e-4321-860c-
Event: 4.999 Thread 0x00007fbfc0012000 Exception <a 'java/lang/NoSuchMethodError'{0x00000000c7839998}: java.lang.invoke.DirectMethodHandle$Holder.invokeSpecial(Ljava/lang/Object;Ljava/lang/Object;ILjava/lang/Object;)V> (0x00000000c7839998) thrown at [/opt/mach5/mesos/work_dir/slaves/fcf4c0c4-d

Events (10 events):
Event: 17.308 loading class org/eclipse/emf/henshin/wrap/WrapPackage done
Event: 17.316 loading class org/eclipse/emf/henshin/trace/TracePackage
Event: 17.316 loading class org/eclipse/emf/henshin/trace/TracePackage done
Event: 17.316 loading class org/eclipse/emf/henshin/wrap/WrapPackage
Event: 17.316 loading class org/eclipse/emf/henshin/wrap/WrapPackage done
Event: 17.350 loading class org/eclipse/emf/henshin/trace/TracePackage
Event: 17.350 loading class org/eclipse/emf/henshin/trace/TracePackage done
Event: 17.350 loading class org/eclipse/emf/henshin/wrap/WrapPackage
Event: 17.350 loading class org/eclipse/emf/henshin/wrap/WrapPackage done
Event: 17.371 Executing VM operation: G1CollectForAllocation


Dynamic libraries:
00400000-00401000 r-xp 00000000 08:02 3280006                            /usr/lib/jvm/jdk-11.0.5/bin/java
00600000-00601000 r--p 00000000 08:02 3280006                            /usr/lib/jvm/jdk-11.0.5/bin/java
00601000-00602000 rw-p 00001000 08:02 3280006                            /usr/lib/jvm/jdk-11.0.5/bin/java
02407000-02428000 rw-p 00000000 00:00 0                                  [heap]
c4200000-d2500000 rw-p 00000000 00:00 0 
d8000000-100000000 ---p 00000000 00:00 0 
100000000-10045f000 rw-p 00000000 00:00 0 
10045f000-140000000 ---p 00000000 00:00 0 
7fbf4c000000-7fbf4c021000 rw-p 00000000 00:00 0 
7fbf4c021000-7fbf50000000 ---p 00000000 00:00 0 
7fbf50000000-7fbf50021000 rw-p 00000000 00:00 0 
7fbf50021000-7fbf54000000 ---p 00000000 00:00 0 
7fbf54000000-7fbf54021000 rw-p 00000000 00:00 0 
7fbf54021000-7fbf58000000 ---p 00000000 00:00 0 
7fbf58000000-7fbf58021000 rw-p 00000000 00:00 0 
7fbf58021000-7fbf5c000000 ---p 00000000 00:00 0 
7fbf5c000000-7fbf5c021000 rw-p 00000000 00:00 0 
7fbf5c021000-7fbf60000000 ---p 00000000 00:00 0 
7fbf60000000-7fbf60021000 rw-p 00000000 00:00 0 
7fbf60021000-7fbf64000000 ---p 00000000 00:00 0 
7fbf64000000-7fbf64021000 rw-p 00000000 00:00 0 
7fbf64021000-7fbf68000000 ---p 00000000 00:00 0 
7fbf68000000-7fbf68021000 rw-p 00000000 00:00 0 
7fbf68021000-7fbf6c000000 ---p 00000000 00:00 0 
7fbf6c000000-7fbf6c021000 rw-p 00000000 00:00 0 
7fbf6c021000-7fbf70000000 ---p 00000000 00:00 0 
7fbf70000000-7fbf70021000 rw-p 00000000 00:00 0 
7fbf70021000-7fbf74000000 ---p 00000000 00:00 0 
7fbf74000000-7fbf7599c000 rw-p 00000000 00:00 0 
7fbf7599c000-7fbf78000000 ---p 00000000 00:00 0 
7fbf78000000-7fbf78741000 rw-p 00000000 00:00 0 
7fbf78741000-7fbf7c000000 ---p 00000000 00:00 0 
7fbf7c000000-7fbf7c021000 rw-p 00000000 00:00 0 
7fbf7c021000-7fbf80000000 ---p 00000000 00:00 0 
7fbf81474000-7fbf816b8000 rw-p 00000000 00:00 0 
7fbf816b8000-7fbf816b9000 ---p 00000000 00:00 0 
7fbf816b9000-7fbf817b9000 rw-p 00000000 00:00 0 
7fbf817b9000-7fbf817ba000 ---p 00000000 00:00 0 
7fbf817ba000-7fbf819fa000 rw-p 00000000 00:00 0 
7fbf819fa000-7fbf81aba000 ---p 00000000 00:00 0 
7fbf81aba000-7fbf81cba000 rw-p 00000000 00:00 0 
7fbf81cba000-7fbf81eba000 rw-p 00000000 00:00 0 
7fbf81eba000-7fbf820ba000 rw-p 00000000 00:00 0 
7fbf820ba000-7fbf822ba000 rw-p 00000000 00:00 0 
7fbf822ba000-7fbf824ba000 rw-p 00000000 00:00 0 
7fbf824ba000-7fbf824be000 ---p 00000000 00:00 0 
7fbf824be000-7fbf827bb000 rw-p 00000000 00:00 0 
7fbf827bb000-7fbf829bb000 rw-p 00000000 00:00 0 
7fbf829bb000-7fbf82bbb000 rw-p 00000000 00:00 0 
7fbf82bbb000-7fbf82dbb000 rw-p 00000000 00:00 0 
7fbf82dbb000-7fbf82fbb000 rw-p 00000000 00:00 0 
7fbf82fbb000-7fbf82fbc000 ---p 00000000 00:00 0 
7fbf82fbc000-7fbf830bc000 rw-p 00000000 00:00 0 
7fbf830bc000-7fbf830c0000 ---p 00000000 00:00 0 
7fbf830c0000-7fbf831bd000 rw-p 00000000 00:00 0 
7fbf831bd000-7fbf831c1000 ---p 00000000 00:00 0 
7fbf831c1000-7fbf832be000 rw-p 00000000 00:00 0 
7fbf832be000-7fbf832d5000 r-xp 00000000 08:02 3280280                    /usr/lib/jvm/jdk-11.0.5/lib/libnet.so
7fbf832d5000-7fbf834d4000 ---p 00017000 08:02 3280280                    /usr/lib/jvm/jdk-11.0.5/lib/libnet.so
7fbf834d4000-7fbf834d5000 r--p 00016000 08:02 3280280                    /usr/lib/jvm/jdk-11.0.5/lib/libnet.so
7fbf834d5000-7fbf834d6000 rw-p 00017000 08:02 3280280                    /usr/lib/jvm/jdk-11.0.5/lib/libnet.so
7fbf834d6000-7fbf834e6000 r-xp 00000000 08:02 3280281                    /usr/lib/jvm/jdk-11.0.5/lib/libnio.so
7fbf834e6000-7fbf836e5000 ---p 00010000 08:02 3280281                    /usr/lib/jvm/jdk-11.0.5/lib/libnio.so
7fbf836e5000-7fbf836e6000 r--p 0000f000 08:02 3280281                    /usr/lib/jvm/jdk-11.0.5/lib/libnio.so
7fbf836e6000-7fbf836e7000 rw-p 00010000 08:02 3280281                    /usr/lib/jvm/jdk-11.0.5/lib/libnio.so
7fbf836e7000-7fbf836eb000 ---p 00000000 00:00 0 
7fbf836eb000-7fbf837e8000 rw-p 00000000 00:00 0 
7fbf837e8000-7fbf837e9000 ---p 00000000 00:00 0 
7fbf837e9000-7fbf838e9000 rw-p 00000000 00:00 0 
7fbf838e9000-7fbf838ed000 ---p 00000000 00:00 0 
7fbf838ed000-7fbf839ea000 rw-p 00000000 00:00 0 
7fbf839ea000-7fbf839ee000 ---p 00000000 00:00 0 
7fbf839ee000-7fbf83aeb000 rw-p 00000000 00:00 0 
7fbf83aeb000-7fbf84000000 r--p 00000000 08:02 1313699                    /usr/lib/locale/locale-archive
7fbf84000000-7fbf84021000 rw-p 00000000 00:00 0 
7fbf84021000-7fbf88000000 ---p 00000000 00:00 0 
7fbf88000000-7fbf88021000 rw-p 00000000 00:00 0 
7fbf88021000-7fbf8c000000 ---p 00000000 00:00 0 
7fbf8c000000-7fbf8c021000 rw-p 00000000 00:00 0 
7fbf8c021000-7fbf90000000 ---p 00000000 00:00 0 
7fbf90000000-7fbf901d6000 rw-p 00000000 00:00 0 
7fbf901d6000-7fbf94000000 ---p 00000000 00:00 0 
7fbf94000000-7fbf94021000 rw-p 00000000 00:00 0 
7fbf94021000-7fbf98000000 ---p 00000000 00:00 0 
7fbf98000000-7fbf98021000 rw-p 00000000 00:00 0 
7fbf98021000-7fbf9c000000 ---p 00000000 00:00 0 
7fbf9c000000-7fbf9c021000 rw-p 00000000 00:00 0 
7fbf9c021000-7fbfa0000000 ---p 00000000 00:00 0 
7fbfa000e000-7fbfa0012000 ---p 00000000 00:00 0 
7fbfa0012000-7fbfa010f000 rw-p 00000000 00:00 0 
7fbfa010f000-7fbfa0113000 ---p 00000000 00:00 0 
7fbfa0113000-7fbfa259c000 rw-p 00000000 00:00 0 
7fbfa259c000-7fbfa3108000 ---p 00000000 00:00 0 
7fbfa3108000-7fbfa3494000 rw-p 00000000 00:00 0 
7fbfa3494000-7fbfa4000000 ---p 00000000 00:00 0 
7fbfa4000000-7fbfa4021000 rw-p 00000000 00:00 0 
7fbfa4021000-7fbfa8000000 ---p 00000000 00:00 0 
7fbfa8004000-7fbfa8008000 ---p 00000000 00:00 0 
7fbfa8008000-7fbfa8105000 rw-p 00000000 00:00 0 
7fbfa8105000-7fbfa8109000 ---p 00000000 00:00 0 
7fbfa8109000-7fbfa8206000 rw-p 00000000 00:00 0 
7fbfa8206000-7fbfa820a000 ---p 00000000 00:00 0 
7fbfa820a000-7fbfa8307000 rw-p 00000000 00:00 0 
7fbfa8307000-7fbfa8308000 ---p 00000000 00:00 0 
7fbfa8308000-7fbfa8c08000 rw-p 00000000 00:00 0 
7fbfa8c08000-7fbfa8e78000 rwxp 00000000 00:00 0 
7fbfa8e78000-7fbfa9198000 ---p 00000000 00:00 0 
7fbfa9198000-7fbfa9f28000 rwxp 00000000 00:00 0 
7fbfa9f28000-7fbfb06d0000 ---p 00000000 00:00 0 
7fbfb06d0000-7fbfb09c0000 rwxp 00000000 00:00 0 
7fbfb09c0000-7fbfb7c08000 ---p 00000000 00:00 0 
7fbfb7c08000-7fbfc0000000 r--s 00000000 08:02 3280291                    /usr/lib/jvm/jdk-11.0.5/lib/modules
7fbfc0000000-7fbfc114c000 rw-p 00000000 00:00 0 
7fbfc114c000-7fbfc4000000 ---p 00000000 00:00 0 
7fbfc4091000-7fbfc4112000 rw-p 00000000 00:00 0 
7fbfc4112000-7fbfc4113000 ---p 00000000 00:00 0 
7fbfc4113000-7fbfc4213000 rw-p 00000000 00:00 0 
7fbfc4213000-7fbfc4214000 ---p 00000000 00:00 0 
7fbfc4214000-7fbfc4718000 rw-p 00000000 00:00 0 
7fbfc4718000-7fbfc4719000 ---p 00000000 00:00 0 
7fbfc4719000-7fbfc4819000 rw-p 00000000 00:00 0 
7fbfc4819000-7fbfc481a000 ---p 00000000 00:00 0 
7fbfc481a000-7fbfc498c000 rw-p 00000000 00:00 0 
7fbfc498c000-7fbfc4af9000 ---p 00000000 00:00 0 
7fbfc4af9000-7fbfc4b6b000 rw-p 00000000 00:00 0 
7fbfc4b6b000-7fbfc4cd8000 ---p 00000000 00:00 0 
7fbfc4cd8000-7fbfc4d4a000 rw-p 00000000 00:00 0 
7fbfc4d4a000-7fbfc4eb7000 ---p 00000000 00:00 0 
7fbfc4eb7000-7fbfc52bb000 rw-p 00000000 00:00 0 
7fbfc52bb000-7fbfc52bc000 ---p 00000000 00:00 0 
7fbfc52bc000-7fbfc53c2000 rw-p 00000000 00:00 0 
7fbfc53c2000-7fbfc54a7000 ---p 00000000 00:00 0 
7fbfc54a7000-7fbfc54c3000 rw-p 00000000 00:00 0 
7fbfc54c3000-7fbfc5592000 ---p 00000000 00:00 0 
7fbfc5592000-7fbfc55ad000 r-xp 00000000 08:02 3280272                    /usr/lib/jvm/jdk-11.0.5/lib/libjimage.so
7fbfc55ad000-7fbfc57ac000 ---p 0001b000 08:02 3280272                    /usr/lib/jvm/jdk-11.0.5/lib/libjimage.so
7fbfc57ac000-7fbfc57ae000 r--p 0001a000 08:02 3280272                    /usr/lib/jvm/jdk-11.0.5/lib/libjimage.so
7fbfc57ae000-7fbfc57af000 rw-p 0001c000 08:02 3280272                    /usr/lib/jvm/jdk-11.0.5/lib/libjimage.so
7fbfc57af000-7fbfc57b6000 r-xp 00000000 08:02 3280290                    /usr/lib/jvm/jdk-11.0.5/lib/libzip.so
7fbfc57b6000-7fbfc59b5000 ---p 00007000 08:02 3280290                    /usr/lib/jvm/jdk-11.0.5/lib/libzip.so
7fbfc59b5000-7fbfc59b6000 r--p 00006000 08:02 3280290                    /usr/lib/jvm/jdk-11.0.5/lib/libzip.so
7fbfc59b6000-7fbfc59b7000 rw-p 00007000 08:02 3280290                    /usr/lib/jvm/jdk-11.0.5/lib/libzip.so
7fbfc59b7000-7fbfc59c2000 r-xp 00000000 08:02 1967242                    /lib/x86_64-linux-gnu/libnss_files-2.23.so
7fbfc59c2000-7fbfc5bc1000 ---p 0000b000 08:02 1967242                    /lib/x86_64-linux-gnu/libnss_files-2.23.so
7fbfc5bc1000-7fbfc5bc2000 r--p 0000a000 08:02 1967242                    /lib/x86_64-linux-gnu/libnss_files-2.23.so
7fbfc5bc2000-7fbfc5bc3000 rw-p 0000b000 08:02 1967242                    /lib/x86_64-linux-gnu/libnss_files-2.23.so
7fbfc5bc3000-7fbfc5bc9000 rw-p 00000000 00:00 0 
7fbfc5bc9000-7fbfc5bd4000 r-xp 00000000 08:02 1967228                    /lib/x86_64-linux-gnu/libnss_nis-2.23.so
7fbfc5bd4000-7fbfc5dd3000 ---p 0000b000 08:02 1967228                    /lib/x86_64-linux-gnu/libnss_nis-2.23.so
7fbfc5dd3000-7fbfc5dd4000 r--p 0000a000 08:02 1967228                    /lib/x86_64-linux-gnu/libnss_nis-2.23.so
7fbfc5dd4000-7fbfc5dd5000 rw-p 0000b000 08:02 1967228                    /lib/x86_64-linux-gnu/libnss_nis-2.23.so
7fbfc5dd5000-7fbfc5deb000 r-xp 00000000 08:02 1967238                    /lib/x86_64-linux-gnu/libnsl-2.23.so
7fbfc5deb000-7fbfc5fea000 ---p 00016000 08:02 1967238                    /lib/x86_64-linux-gnu/libnsl-2.23.so
7fbfc5fea000-7fbfc5feb000 r--p 00015000 08:02 1967238                    /lib/x86_64-linux-gnu/libnsl-2.23.so
7fbfc5feb000-7fbfc5fec000 rw-p 00016000 08:02 1967238                    /lib/x86_64-linux-gnu/libnsl-2.23.so
7fbfc5fec000-7fbfc5fee000 rw-p 00000000 00:00 0 
7fbfc5fee000-7fbfc5ff6000 r-xp 00000000 08:02 1967250                    /lib/x86_64-linux-gnu/libnss_compat-2.23.so
7fbfc5ff6000-7fbfc61f5000 ---p 00008000 08:02 1967250                    /lib/x86_64-linux-gnu/libnss_compat-2.23.so
7fbfc61f5000-7fbfc61f6000 r--p 00007000 08:02 1967250                    /lib/x86_64-linux-gnu/libnss_compat-2.23.so
7fbfc61f6000-7fbfc61f7000 rw-p 00008000 08:02 1967250                    /lib/x86_64-linux-gnu/libnss_compat-2.23.so
7fbfc61f7000-7fbfc6220000 r-xp 00000000 08:02 3280268                    /usr/lib/jvm/jdk-11.0.5/lib/libjava.so
7fbfc6220000-7fbfc641f000 ---p 00029000 08:02 3280268                    /usr/lib/jvm/jdk-11.0.5/lib/libjava.so
7fbfc641f000-7fbfc6420000 r--p 00028000 08:02 3280268                    /usr/lib/jvm/jdk-11.0.5/lib/libjava.so
7fbfc6420000-7fbfc6422000 rw-p 00029000 08:02 3280268                    /usr/lib/jvm/jdk-11.0.5/lib/libjava.so
7fbfc6422000-7fbfc642f000 r-xp 00000000 08:02 3280289                    /usr/lib/jvm/jdk-11.0.5/lib/libverify.so
7fbfc642f000-7fbfc662e000 ---p 0000d000 08:02 3280289                    /usr/lib/jvm/jdk-11.0.5/lib/libverify.so
7fbfc662e000-7fbfc6630000 r--p 0000c000 08:02 3280289                    /usr/lib/jvm/jdk-11.0.5/lib/libverify.so
7fbfc6630000-7fbfc6631000 rw-p 0000e000 08:02 3280289                    /usr/lib/jvm/jdk-11.0.5/lib/libverify.so
7fbfc6631000-7fbfc6638000 r-xp 00000000 08:02 1967214                    /lib/x86_64-linux-gnu/librt-2.23.so
7fbfc6638000-7fbfc6837000 ---p 00007000 08:02 1967214                    /lib/x86_64-linux-gnu/librt-2.23.so
7fbfc6837000-7fbfc6838000 r--p 00006000 08:02 1967214                    /lib/x86_64-linux-gnu/librt-2.23.so
7fbfc6838000-7fbfc6839000 rw-p 00007000 08:02 1967214                    /lib/x86_64-linux-gnu/librt-2.23.so
7fbfc6839000-7fbfc6941000 r-xp 00000000 08:02 1967254                    /lib/x86_64-linux-gnu/libm-2.23.so
7fbfc6941000-7fbfc6b40000 ---p 00108000 08:02 1967254                    /lib/x86_64-linux-gnu/libm-2.23.so
7fbfc6b40000-7fbfc6b41000 r--p 00107000 08:02 1967254                    /lib/x86_64-linux-gnu/libm-2.23.so
7fbfc6b41000-7fbfc6b42000 rw-p 00108000 08:02 1967254                    /lib/x86_64-linux-gnu/libm-2.23.so
7fbfc6b42000-7fbfc7c83000 r-xp 00000000 08:02 3280302                    /usr/lib/jvm/jdk-11.0.5/lib/server/libjvm.so
7fbfc7c83000-7fbfc7e83000 ---p 01141000 08:02 3280302                    /usr/lib/jvm/jdk-11.0.5/lib/server/libjvm.so
7fbfc7e83000-7fbfc7f42000 r--p 01141000 08:02 3280302                    /usr/lib/jvm/jdk-11.0.5/lib/server/libjvm.so
7fbfc7f42000-7fbfc7f7b000 rw-p 01200000 08:02 3280302                    /usr/lib/jvm/jdk-11.0.5/lib/server/libjvm.so
7fbfc7f7b000-7fbfc7fd2000 rw-p 00000000 00:00 0 
7fbfc7fd2000-7fbfc8192000 r-xp 00000000 08:02 1967248                    /lib/x86_64-linux-gnu/libc-2.23.so
7fbfc8192000-7fbfc8392000 ---p 001c0000 08:02 1967248                    /lib/x86_64-linux-gnu/libc-2.23.so
7fbfc8392000-7fbfc8396000 r--p 001c0000 08:02 1967248                    /lib/x86_64-linux-gnu/libc-2.23.so
7fbfc8396000-7fbfc8398000 rw-p 001c4000 08:02 1967248                    /lib/x86_64-linux-gnu/libc-2.23.so
7fbfc8398000-7fbfc839c000 rw-p 00000000 00:00 0 
7fbfc839c000-7fbfc839f000 r-xp 00000000 08:02 1967218                    /lib/x86_64-linux-gnu/libdl-2.23.so
7fbfc839f000-7fbfc859e000 ---p 00003000 08:02 1967218                    /lib/x86_64-linux-gnu/libdl-2.23.so
7fbfc859e000-7fbfc859f000 r--p 00002000 08:02 1967218                    /lib/x86_64-linux-gnu/libdl-2.23.so
7fbfc859f000-7fbfc85a0000 rw-p 00003000 08:02 1967218                    /lib/x86_64-linux-gnu/libdl-2.23.so
7fbfc85a0000-7fbfc85b0000 r-xp 00000000 08:02 3280253                    /usr/lib/jvm/jdk-11.0.5/lib/jli/libjli.so
7fbfc85b0000-7fbfc87af000 ---p 00010000 08:02 3280253                    /usr/lib/jvm/jdk-11.0.5/lib/jli/libjli.so
7fbfc87af000-7fbfc87b0000 r--p 0000f000 08:02 3280253                    /usr/lib/jvm/jdk-11.0.5/lib/jli/libjli.so
7fbfc87b0000-7fbfc87b1000 rw-p 00010000 08:02 3280253                    /usr/lib/jvm/jdk-11.0.5/lib/jli/libjli.so
7fbfc87b1000-7fbfc87c9000 r-xp 00000000 08:02 1967222                    /lib/x86_64-linux-gnu/libpthread-2.23.so
7fbfc87c9000-7fbfc89c8000 ---p 00018000 08:02 1967222                    /lib/x86_64-linux-gnu/libpthread-2.23.so
7fbfc89c8000-7fbfc89c9000 r--p 00017000 08:02 1967222                    /lib/x86_64-linux-gnu/libpthread-2.23.so
7fbfc89c9000-7fbfc89ca000 rw-p 00018000 08:02 1967222                    /lib/x86_64-linux-gnu/libpthread-2.23.so
7fbfc89ca000-7fbfc89ce000 rw-p 00000000 00:00 0 
7fbfc89ce000-7fbfc89e7000 r-xp 00000000 08:02 1968012                    /lib/x86_64-linux-gnu/libz.so.1.2.8
7fbfc89e7000-7fbfc8be6000 ---p 00019000 08:02 1968012                    /lib/x86_64-linux-gnu/libz.so.1.2.8
7fbfc8be6000-7fbfc8be7000 r--p 00018000 08:02 1968012                    /lib/x86_64-linux-gnu/libz.so.1.2.8
7fbfc8be7000-7fbfc8be8000 rw-p 00019000 08:02 1968012                    /lib/x86_64-linux-gnu/libz.so.1.2.8
7fbfc8be8000-7fbfc8c0e000 r-xp 00000000 08:02 1967220                    /lib/x86_64-linux-gnu/ld-2.23.so
7fbfc8c6e000-7fbfc8ce9000 rw-p 00000000 00:00 0 
7fbfc8ce9000-7fbfc8ced000 ---p 00000000 00:00 0 
7fbfc8ced000-7fbfc8def000 rw-p 00000000 00:00 0 
7fbfc8df7000-7fbfc8dfc000 rw-p 00000000 00:00 0 
7fbfc8dfc000-7fbfc8e03000 ---p 00000000 00:00 0 
7fbfc8e03000-7fbfc8e0b000 rw-s 00000000 08:02 1179871                    /tmp/hsperfdata_andrei/18891
7fbfc8e0b000-7fbfc8e0c000 ---p 00000000 00:00 0 
7fbfc8e0c000-7fbfc8e0d000 r--p 00000000 00:00 0 
7fbfc8e0d000-7fbfc8e0e000 r--p 00025000 08:02 1967220                    /lib/x86_64-linux-gnu/ld-2.23.so
7fbfc8e0e000-7fbfc8e0f000 rw-p 00026000 08:02 1967220                    /lib/x86_64-linux-gnu/ld-2.23.so
7fbfc8e0f000-7fbfc8e10000 rw-p 00000000 00:00 0 
7ffc2678b000-7ffc267ad000 rw-p 00000000 00:00 0                          [stack]
7ffc267b2000-7ffc267b5000 r--p 00000000 00:00 0                          [vvar]
7ffc267b5000-7ffc267b7000 r-xp 00000000 00:00 0                          [vdso]
ffffffffff600000-ffffffffff601000 r-xp 00000000 00:00 0                  [vsyscall]


VM Arguments:
java_command: /home/andrei/eclipse-workspace/mde_optimiser/libraries/rulegen/target/surefire/surefirebooter10965398883226786421.jar /home/andrei/eclipse-workspace/mde_optimiser/libraries/rulegen/target/surefire/surefire17763840827802420514tmp /home/andrei/eclipse-workspace/mde_optimiser/libraries/rulegen/target/surefire/surefire_015222435373304174046tmp
java_class_path (initial): /home/andrei/eclipse-workspace/mde_optimiser/libraries/rulegen/target/surefire/surefirebooter10965398883226786421.jar
Launcher Type: SUN_STANDARD

[Global flags]
     intx CICompilerCount                          = 3                                         {product} {ergonomic}
     uint ConcGCThreads                            = 1                                         {product} {ergonomic}
     uint G1ConcRefinementThreads                  = 4                                         {product} {ergonomic}
   size_t G1HeapRegionSize                         = 1048576                                   {product} {ergonomic}
    uintx GCDrainStackTargetSize                   = 64                                        {product} {ergonomic}
   size_t InitialHeapSize                          = 62914560                                  {product} {ergonomic}
   size_t MarkStackSize                            = 4194304                                   {product} {ergonomic}
   size_t MaxHeapSize                              = 1004535808                                {product} {ergonomic}
   size_t MaxNewSize                               = 601882624                                 {product} {ergonomic}
   size_t MinHeapDeltaBytes                        = 1048576                                   {product} {ergonomic}
    uintx NonNMethodCodeHeapSize                   = 5830732                                {pd product} {ergonomic}
    uintx NonProfiledCodeHeapSize                  = 122913754                              {pd product} {ergonomic}
    uintx ProfiledCodeHeapSize                     = 122913754                              {pd product} {ergonomic}
    uintx ReservedCodeCacheSize                    = 251658240                              {pd product} {ergonomic}
     bool SegmentedCodeCache                       = true                                      {product} {ergonomic}
     bool UseCompressedClassPointers               = true                                 {lp64_product} {ergonomic}
     bool UseCompressedOops                        = true                                 {lp64_product} {ergonomic}
     bool UseG1GC                                  = true                                      {product} {ergonomic}

Logging:
Log output configuration:
 #0: stdout all=warning uptime,level,tags
 #1: stderr all=off uptime,level,tags

Environment Variables:
JAVA_HOME=/usr/lib/jvm/jdk-11.0.5
PATH=/home/andrei/anaconda2/bin:/home/andrei/anaconda3/bin:/home/andrei/bin:/home/andrei/.local/bin:/usr/local/sbin:/usr/local/bin:/usr/sbin:/usr/bin:/sbin:/bin:/usr/games:/usr/local/games:usr/lib/jvm/jdk-11.0.6:/snap/bin
SHELL=/bin/bash
DISPLAY=:0

Signal Handlers:
SIGSEGV: [libjvm.so+0xe2d360], sa_mask[0]=11111111011111111101111111111110, sa_flags=SA_RESTART|SA_SIGINFO
SIGBUS: [libjvm.so+0xe2d360], sa_mask[0]=11111111011111111101111111111110, sa_flags=SA_RESTART|SA_SIGINFO
SIGFPE: [libjvm.so+0xe2d360], sa_mask[0]=11111111011111111101111111111110, sa_flags=SA_RESTART|SA_SIGINFO
SIGPIPE: [libjvm.so+0xc00e80], sa_mask[0]=11111111011111111101111111111110, sa_flags=SA_RESTART|SA_SIGINFO
SIGXFSZ: [libjvm.so+0xc00e80], sa_mask[0]=11111111011111111101111111111110, sa_flags=SA_RESTART|SA_SIGINFO
SIGILL: [libjvm.so+0xe2d360], sa_mask[0]=11111111011111111101111111111110, sa_flags=SA_RESTART|SA_SIGINFO
SIGUSR2: [libjvm.so+0xc00d20], sa_mask[0]=00100000000000000000000000000000, sa_flags=SA_RESTART|SA_SIGINFO
SIGHUP: [libjvm.so+0xc01080], sa_mask[0]=11111111011111111101111111111110, sa_flags=SA_RESTART|SA_SIGINFO
SIGINT: [libjvm.so+0xc01080], sa_mask[0]=11111111011111111101111111111110, sa_flags=SA_RESTART|SA_SIGINFO
SIGTERM: [libjvm.so+0xc01080], sa_mask[0]=11111111011111111101111111111110, sa_flags=SA_RESTART|SA_SIGINFO
SIGQUIT: [libjvm.so+0xc01080], sa_mask[0]=11111111011111111101111111111110, sa_flags=SA_RESTART|SA_SIGINFO


---------------  S Y S T E M  ---------------

OS:DISTRIB_ID=Ubuntu
DISTRIB_RELEASE=16.04
DISTRIB_CODENAME=xenial
DISTRIB_DESCRIPTION="Ubuntu 16.04.6 LTS"
uname:Linux 4.15.0-91-generic #92~16.04.1-Ubuntu SMP Fri Feb 28 14:57:22 UTC 2020 x86_64
libc:glibc 2.23 NPTL 2.23 
rlimit: STACK 8192k, CORE 0k, NPROC 14845, NOFILE 1048576, AS infinity, DATA infinity, FSIZE infinity
load average:4.75 3.31 2.32

/proc/meminfo:
MemTotal:        3919128 kB
MemFree:           99076 kB
MemAvailable:      22436 kB
Buffers:             440 kB
Cached:           585516 kB
SwapCached:          620 kB
Active:          2950544 kB
Inactive:         612280 kB
Active(anon):    2941236 kB
Inactive(anon):   588352 kB
Active(file):       9308 kB
Inactive(file):    23928 kB
Unevictable:          80 kB
Mlocked:              80 kB
SwapTotal:       4074492 kB
SwapFree:              0 kB
Dirty:               124 kB
Writeback:             0 kB
AnonPages:       2976772 kB
Mapped:           127368 kB
Shmem:            552336 kB
Slab:             120684 kB
SReclaimable:      49440 kB
SUnreclaim:        71244 kB
KernelStack:       16192 kB
PageTables:        62776 kB
NFS_Unstable:          0 kB
Bounce:                0 kB
WritebackTmp:          0 kB
CommitLimit:     6034056 kB
Committed_AS:   13203676 kB
VmallocTotal:   34359738367 kB
VmallocUsed:           0 kB
VmallocChunk:          0 kB
HardwareCorrupted:     0 kB
AnonHugePages:         0 kB
ShmemHugePages:        0 kB
ShmemPmdMapped:        0 kB
CmaTotal:              0 kB
CmaFree:               0 kB
HugePages_Total:       0
HugePages_Free:        0
HugePages_Rsvd:        0
HugePages_Surp:        0
Hugepagesize:       2048 kB
DirectMap4k:      614016 kB
DirectMap2M:     3461120 kB


/proc/sys/kernel/threads-max (system-wide limit on the number of threads):
29691


/proc/sys/vm/max_map_count (maximum number of memory map areas a process may have):
65530


/proc/sys/kernel/pid_max (system-wide limit on number of process identifiers):
32768



container (cgroup) information:
container_type: cgroupv1
cpu_cpuset_cpus: 0-3
cpu_memory_nodes: 0
active_processor_count: 4
cpu_quota: -1
cpu_period: 100000
cpu_shares: -1
memory_limit_in_bytes: -1
memory_and_swap_limit_in_bytes: -2
memory_soft_limit_in_bytes: -1
memory_usage_in_bytes: 3649257472
memory_max_usage_in_bytes: 205656064


CPU:total 4 (initial active 4) (2 cores per cpu, 2 threads per core) family 6 model 42 stepping 7, cmov, cx8, fxsr, mmx, sse, sse2, sse3, ssse3, sse4.1, sse4.2, popcnt, avx, aes, clmul, ht, tsc, tscinvbit
CPU Model and flags from /proc/cpuinfo:
model name	: Intel(R) Core(TM) i5-2520M CPU @ 2.50GHz
flags		: fpu vme de pse tsc msr pae mce cx8 apic sep mtrr pge mca cmov pat pse36 clflush dts acpi mmx fxsr sse sse2 ss ht tm pbe syscall nx rdtscp lm constant_tsc arch_perfmon pebs bts nopl xtopology nonstop_tsc cpuid aperfmperf pni pclmulqdq dtes64 monitor ds_cpl vmx smx est tm2 ssse3 cx16 xtpr pdcm pcid sse4_1 sse4_2 x2apic popcnt tsc_deadline_timer aes xsave avx lahf_lm epb pti ssbd ibrs ibpb stibp tpr_shadow vnmi flexpriority ept vpid xsaveopt dtherm ida arat pln pts md_clear flush_l1d

Memory: 4k page, physical 3919128k(99132k free), swap 4074492k(0k free)

vm_info: Java HotSpot(TM) 64-Bit Server VM (11.0.5+10-LTS) for linux-amd64 JRE (11.0.5+10-LTS), built on Oct  6 2019 11:44:08 by "mach5one" with gcc 7.3.0

END.
